Arguments: 
  /Users/federicoghedina/.nvm/versions/node/v12.16.1/bin/node /usr/local/Cellar/yarn/1.21.1/libexec/bin/yarn.js version --patch

PATH: 
  /Users/federicoghedina/.nvm/versions/node/v12.16.1/bin:/usr/local/opt/mysql-client/bin:/Users/federicoghedina/Library/Android/sdk/build-tools/23.0.1:/Users/federicoghedina/Library/Android/sdk/platform-tools:/Users/federicoghedina/Library/Android/sdk/emulator:/Users/federicoghedina/Library/Android/sdk/tools:/Users/federicoghedina/Library/Android/sdk/platform-tools:/Users/federicoghedina/.nvm/versions/node/v6.11.2:/usr/local/sbin:/usr/local/php5/bin:/usr/local/mysql/bin:/usr/local/bin:/usr/local/bin:/usr/local/bin:/usr/bin:/bin:/usr/sbin:/sbin:/opt/X11/bin:/Applications/Wireshark.app/Contents/MacOS:/Users/federicoghedina/.nvm/versions/node/v12.16.1/bin:/usr/local/opt/mysql-client/bin:/Users/federicoghedina/Library/Android/sdk/build-tools/23.0.1:/Users/federicoghedina/Library/Android/sdk/platform-tools:/Users/federicoghedina/Library/Android/sdk/emulator:/Users/federicoghedina/Library/Android/sdk/tools:/Users/federicoghedina/.nvm/versions/node/v6.11.2:/usr/local/sbin:/usr/local/php5/bin:/usr/local/mysql/bin:/Users/federicoghedina/bin:/Applications/nwjs-sdk-v0.24.4-osx-x64/nwjs.app/Contents/MacOS:/usr/local/Cellar/kafka/1.0.0/bin:/usr/local/mongodb/bin:/Users/federicoghedina/bin:/Applications/nwjs-sdk-v0.24.4-osx-x64/nwjs.app/Contents/MacOS:/usr/local/Cellar/kafka/1.0.0/bin:/usr/local/mongodb/bin

Yarn version: 
  1.21.1

Node version: 
  12.16.1

Platform: 
  darwin x64

Trace: 
  SyntaxError: /Users/federicoghedina/node/nvh/package.json: Unexpected token } in JSON at position 277
      at JSON.parse (<anonymous>)
      at /usr/local/Cellar/yarn/1.21.1/libexec/lib/cli.js:1625:59
      at Generator.next (<anonymous>)
      at step (/usr/local/Cellar/yarn/1.21.1/libexec/lib/cli.js:310:30)
      at /usr/local/Cellar/yarn/1.21.1/libexec/lib/cli.js:321:13

npm manifest: 
  {
      "name": "nvh",
      "version": "1.1.14",
      "bin": {
          "nvh": "./nvh"
      },
      "repository": "https://github.com/fedeghe/nvh.git",
      "author": "fedeghe <fedeghe@gmail.com>",
      "license": "MIT",
      "scripts": {
          "build": "malta source/build.json",
      },
      "devDependencies": {
          "malta": "^4.1.27"
      }
  }

yarn manifest: 
  No manifest

Lockfile: 
  # THIS IS AN AUTOGENERATED FILE. DO NOT EDIT THIS FILE DIRECTLY.
  # yarn lockfile v1
  
  
  malta@^4.1.27:
    version "4.1.27"
    resolved "https://registry.yarnpkg.com/malta/-/malta-4.1.27.tgz#09cd7b16a698f8aaa37682c9e284c48a731d0dfc"
    integrity sha512-LX1OFH6smY5BJOAozWAE4XBwpbZ/qsempxINijkTIEKrnCDxwnqqVVsCFtLldBExWNWVaj7wiNDxEzZZYW25tg==
